-------------------------------------------------------------------------------
Test set: com.example.calendlydeneme.RoleRepositoryTests
-------------------------------------------------------------------------------
Tests run: 4, Failures: 1, Errors: 3, Skipped: 0, Time elapsed: 0.19 s <<< FAILURE! - in com.example.calendlydeneme.RoleRepositoryTests
testCreateRoles  Time elapsed: 0.044 s  <<< ERROR!
org.springframework.orm.jpa.JpaSystemException: could not execute statement; nested exception is org.hibernate.exception.GenericJDBCException: could not execute statement
	at com.example.calendlydeneme.RoleRepositoryTests.testCreateRoles(RoleRepositoryTests.java:43)
Caused by: org.hibernate.exception.GenericJDBCException: could not execute statement
	at com.example.calendlydeneme.RoleRepositoryTests.testCreateRoles(RoleRepositoryTests.java:43)
Caused by: java.sql.SQLException: Field 'dtype' doesn't have a default value
	at com.example.calendlydeneme.RoleRepositoryTests.testCreateRoles(RoleRepositoryTests.java:43)

testAddRoleToExistingUser  Time elapsed: 0.071 s  <<< FAILURE!
org.opentest4j.AssertionFailedError: 

expected: 2
 but was: 1
	at com.example.calendlydeneme.RoleRepositoryTests.testAddRoleToExistingUser(RoleRepositoryTests.java:91)

testAddRoleToNewUser  Time elapsed: 0.048 s  <<< ERROR!
org.springframework.dao.DataIntegrityViolationException: could not execute statement; SQL [n/a]; constraint [users.UK6dotkott2kjsp8vw4d0m25fb7]; nested exception is org.hibernate.exception.ConstraintViolationException: could not execute statement
	at com.example.calendlydeneme.RoleRepositoryTests.testAddRoleToNewUser(RoleRepositoryTests.java:77)
Caused by: org.hibernate.exception.ConstraintViolationException: could not execute statement
	at com.example.calendlydeneme.RoleRepositoryTests.testAddRoleToNewUser(RoleRepositoryTests.java:77)
Caused by: java.sql.SQLIntegrityConstraintViolationException: Duplicate entry 'admin@gmail.com' for key 'users.UK6dotkott2kjsp8vw4d0m25fb7'
	at com.example.calendlydeneme.RoleRepositoryTests.testAddRoleToNewUser(RoleRepositoryTests.java:77)

testCreateUser  Time elapsed: 0.014 s  <<< ERROR!
org.springframework.dao.DataIntegrityViolationException: could not execute statement; SQL [n/a]; constraint [users.UK6dotkott2kjsp8vw4d0m25fb7]; nested exception is org.hibernate.exception.ConstraintViolationException: could not execute statement
	at com.example.calendlydeneme.RoleRepositoryTests.testCreateUser(RoleRepositoryTests.java:58)
Caused by: org.hibernate.exception.ConstraintViolationException: could not execute statement
	at com.example.calendlydeneme.RoleRepositoryTests.testCreateUser(RoleRepositoryTests.java:58)
Caused by: java.sql.SQLIntegrityConstraintViolationException: Duplicate entry 'test@gmail.com' for key 'users.UK6dotkott2kjsp8vw4d0m25fb7'
	at com.example.calendlydeneme.RoleRepositoryTests.testCreateUser(RoleRepositoryTests.java:58)

